<?xml version="1.0" encoding="UTF-8" ?>
<testsuites name="vitest tests" tests="11" failures="0" errors="0" time="0.075997709">
    <testsuite name="src/__tests__/App.test.tsx" timestamp="2025-04-08T08:49:32.473Z" hostname="MacBook-Pro-de-Thomas.local" tests="7" failures="0" errors="0" skipped="0" time="0.063286042">
        <testcase classname="src/__tests__/App.test.tsx" name="App component &gt; renders counter and increments on click" time="0.0212011249">
        </testcase>
        <testcase classname="src/__tests__/App.test.tsx" name="App component &gt; renders title and description" time="0.0038509171">
        </testcase>
        <testcase classname="src/__tests__/App.test.tsx" name="App component &gt; displays error message when error exists" time="0.0032706661">
        </testcase>
        <testcase classname="src/__tests__/App.test.tsx" name="App component &gt; displays loading skeleton" time="0.0249442499">
        </testcase>
        <testcase classname="src/__tests__/App.test.tsx" name="App component &gt; displays loading skeleton when showSkeleton is true" time="0.005142334">
        </testcase>
        <testcase classname="src/__tests__/App.test.tsx" name="App component &gt; displays error when error is present" time="0.0019612091">
        </testcase>
        <testcase classname="src/__tests__/App.test.tsx" name="App component &gt; displays tasks when loaded" time="0.0021399159">
        </testcase>
    </testsuite>
    <testsuite name="src/__tests__/main.test.tsx" timestamp="2025-04-08T08:49:32.474Z" hostname="MacBook-Pro-de-Thomas.local" tests="1" failures="0" errors="0" skipped="0" time="0.0015869591">
        <testcase classname="src/__tests__/main.test.tsx" name="main.tsx &gt; should render App using ReactDOM.createRoot" time="0.0011666248">
        </testcase>
    </testsuite>
    <testsuite name="src/hooks/__tests__/useTasks.test.ts" timestamp="2025-04-08T08:49:32.474Z" hostname="MacBook-Pro-de-Thomas.local" tests="3" failures="0" errors="0" skipped="0" time="0.0111247079">
        <testcase classname="src/hooks/__tests__/useTasks.test.ts" name="useTasks hook &gt; returns tasks and default state" time="0.006825958">
        </testcase>
        <testcase classname="src/hooks/__tests__/useTasks.test.ts" name="useTasks hook &gt; sets showSkeleton to true after 100ms if loading" time="0.0019120421">
        </testcase>
        <testcase classname="src/hooks/__tests__/useTasks.test.ts" name="useTasks hook &gt; calls invalidateQueries when refetchTasks is triggered" time="0.0017592092">
        </testcase>
    </testsuite>
</testsuites>
