<?xml version="1.0" encoding="UTF-8" ?>
<testsuites name="vitest tests" tests="15" failures="0" errors="0" time="0.105463665">
    <testsuite name="src/__tests__/App.test.tsx" timestamp="2025-05-12T11:16:05.935Z" hostname="MacBook-Pro-de-Thomas.local" tests="7" failures="0" errors="0" skipped="0" time="0.0801610003">
        <testcase classname="src/__tests__/App.test.tsx" name="App component &gt; displays the loading screen when isLoading is true" time="0.0131669159">
        </testcase>
        <testcase classname="src/__tests__/App.test.tsx" name="App component &gt; displays login screen when unauthenticated" time="0.0400952082">
        </testcase>
        <testcase classname="src/__tests__/App.test.tsx" name="App component &gt; displays protected content when authenticated" time="0.0048115425">
        </testcase>
        <testcase classname="src/__tests__/App.test.tsx" name="App component &gt; increments the counter when the button is clicked" time="0.0106572495">
        </testcase>
        <testcase classname="src/__tests__/App.test.tsx" name="App component &gt; displays skeleton when showSkeleton is true" time="0.0066618338">
        </testcase>
        <testcase classname="src/__tests__/App.test.tsx" name="App component &gt; displays error message when error exists" time="0.0022769995">
        </testcase>
        <testcase classname="src/__tests__/App.test.tsx" name="App component &gt; displays &apos;Completed&apos; when task.isCompleted is true" time="0.0018004169">
        </testcase>
    </testsuite>
    <testsuite name="src/__tests__/main.test.tsx" timestamp="2025-05-12T11:16:05.936Z" hostname="MacBook-Pro-de-Thomas.local" tests="1" failures="0" errors="0" skipped="0" time="0.0017270403">
        <testcase classname="src/__tests__/main.test.tsx" name="main.tsx &gt; should render App using ReactDOM.createRoot" time="0.0013322077">
        </testcase>
    </testsuite>
    <testsuite name="src/hooks/__tests__/useCurrentUser.test.ts" timestamp="2025-05-12T11:16:05.936Z" hostname="MacBook-Pro-de-Thomas.local" tests="4" failures="0" errors="0" skipped="0" time="0.0104648743">
        <testcase classname="src/hooks/__tests__/useCurrentUser.test.ts" name="useCurrentUser hook &gt; returns loading true while auth is loading" time="0.0072924576">
        </testcase>
        <testcase classname="src/hooks/__tests__/useCurrentUser.test.ts" name="useCurrentUser hook &gt; returns not loading and not authenticated when auth done but no user" time="0.0009127083">
        </testcase>
        <testcase classname="src/hooks/__tests__/useCurrentUser.test.ts" name="useCurrentUser hook &gt; returns loading true when authenticated but user query still null" time="0.0008525419">
        </testcase>
        <testcase classname="src/hooks/__tests__/useCurrentUser.test.ts" name="useCurrentUser hook &gt; returns loaded and authenticated when user is returned" time="0.0007240419">
        </testcase>
    </testsuite>
    <testsuite name="src/hooks/__tests__/useTasks.test.ts" timestamp="2025-05-12T11:16:05.936Z" hostname="MacBook-Pro-de-Thomas.local" tests="3" failures="0" errors="0" skipped="0" time="0.0131107502">
        <testcase classname="src/hooks/__tests__/useTasks.test.ts" name="useTasks hook &gt; returns tasks and default state" time="0.0083601246">
        </testcase>
        <testcase classname="src/hooks/__tests__/useTasks.test.ts" name="useTasks hook &gt; check if there is no showSkeleton after 100ms if loading" time="0.0021420412">
        </testcase>
        <testcase classname="src/hooks/__tests__/useTasks.test.ts" name="useTasks hook &gt; calls invalidateQueries when refetchTasks is triggered" time="0.0019659576">
        </testcase>
    </testsuite>
</testsuites>
